{"/Users/simonbusch/code/recon/log-parser-package/src/main.ts": {"path":"/Users/simonbusch/code/recon/log-parser-package/src/main.ts","statementMap":{"0":{"start":{"line":1,"column":0},"end":{"line":1,"column":60}},"1":{"start":{"line":2,"column":0},"end":{"line":2,"column":49}},"2":{"start":{"line":3,"column":0},"end":{"line":3,"column":47}},"3":{"start":{"line":4,"column":0},"end":{"line":4,"column":49}},"4":{"start":{"line":20,"column":27},"end":{"line":43,"column":1}},"5":{"start":{"line":21,"column":35},"end":{"line":30,"column":4}},"6":{"start":{"line":31,"column":24},"end":{"line":31,"column":50}},"7":{"start":{"line":32,"column":16},"end":{"line":32,"column":41}},"8":{"start":{"line":33,"column":2},"end":{"line":39,"column":5}},"9":{"start":{"line":34,"column":4},"end":{"line":38,"column":5}},"10":{"start":{"line":35,"column":6},"end":{"line":35,"column":36}},"11":{"start":{"line":36,"column":11},"end":{"line":38,"column":5}},"12":{"start":{"line":37,"column":6},"end":{"line":37,"column":37}},"13":{"start":{"line":41,"column":2},"end":{"line":41,"column":54}},"14":{"start":{"line":42,"column":2},"end":{"line":42,"column":18}},"15":{"start":{"line":20,"column":13},"end":{"line":20,"column":27}}},"fnMap":{"0":{"name":"(anonymous_0)","decl":{"start":{"line":20,"column":27},"end":{"line":20,"column":28}},"loc":{"start":{"line":20,"column":74},"end":{"line":43,"column":1}}},"1":{"name":"(anonymous_1)","decl":{"start":{"line":33,"column":16},"end":{"line":33,"column":17}},"loc":{"start":{"line":33,"column":25},"end":{"line":39,"column":3}}}},"branchMap":{"0":{"loc":{"start":{"line":34,"column":4},"end":{"line":38,"column":5}},"type":"if","locations":[{"start":{"line":34,"column":4},"end":{"line":38,"column":5}},{"start":{"line":36,"column":11},"end":{"line":38,"column":5}}]},"1":{"loc":{"start":{"line":36,"column":11},"end":{"line":38,"column":5}},"type":"if","locations":[{"start":{"line":36,"column":11},"end":{"line":38,"column":5}}]}},"s":{"0":2,"1":2,"2":2,"3":2,"4":2,"5":28,"6":28,"7":28,"8":28,"9":68246,"10":42574,"11":25672,"12":25672,"13":28,"14":28,"15":2},"f":{"0":28,"1":68246},"b":{"0":[42574,25672],"1":[25672]}}
,"/Users/simonbusch/code/recon/log-parser-package/src/echidna/index.ts": {"path":"/Users/simonbusch/code/recon/log-parser-package/src/echidna/index.ts","statementMap":{"0":{"start":{"line":31,"column":0},"end":{"line":31,"column":16}},"1":{"start":{"line":225,"column":0},"end":{"line":225,"column":16}},"2":{"start":{"line":1,"column":0},"end":{"line":1,"column":38}},"3":{"start":{"line":2,"column":0},"end":{"line":2,"column":71}},"4":{"start":{"line":3,"column":0},"end":{"line":3,"column":null}},"5":{"start":{"line":10,"column":0},"end":{"line":10,"column":42}},"6":{"start":{"line":11,"column":0},"end":{"line":11,"column":28}},"7":{"start":{"line":17,"column":25},"end":{"line":17,"column":30}},"8":{"start":{"line":18,"column":28},"end":{"line":18,"column":33}},"9":{"start":{"line":19,"column":35},"end":{"line":19,"column":37}},"10":{"start":{"line":20,"column":15},"end":{"line":20,"column":17}},"11":{"start":{"line":32,"column":2},"end":{"line":34,"column":3}},"12":{"start":{"line":33,"column":4},"end":{"line":33,"column":50}},"13":{"start":{"line":35,"column":2},"end":{"line":35,"column":21}},"14":{"start":{"line":36,"column":2},"end":{"line":46,"column":3}},"15":{"start":{"line":37,"column":29},"end":{"line":37,"column":49}},"16":{"start":{"line":38,"column":4},"end":{"line":45,"column":5}},"17":{"start":{"line":40,"column":8},"end":{"line":40,"column":61}},"18":{"start":{"line":41,"column":26},"end":{"line":41,"column":49}},"19":{"start":{"line":42,"column":6},"end":{"line":44,"column":8}},"20":{"start":{"line":47,"column":2},"end":{"line":49,"column":3}},"21":{"start":{"line":48,"column":4},"end":{"line":48,"column":64}},"22":{"start":{"line":50,"column":2},"end":{"line":52,"column":3}},"23":{"start":{"line":51,"column":4},"end":{"line":51,"column":32}},"24":{"start":{"line":53,"column":2},"end":{"line":55,"column":3}},"25":{"start":{"line":54,"column":4},"end":{"line":54,"column":22}},"26":{"start":{"line":56,"column":2},"end":{"line":58,"column":3}},"27":{"start":{"line":57,"column":4},"end":{"line":57,"column":22}},"28":{"start":{"line":60,"column":2},"end":{"line":75,"column":3}},"29":{"start":{"line":64,"column":4},"end":{"line":64,"column":34}},"30":{"start":{"line":65,"column":29},"end":{"line":66,"column":null}},"31":{"start":{"line":66,"column":14},"end":{"line":66,"column":64}},"32":{"start":{"line":68,"column":4},"end":{"line":72,"column":5}},"33":{"start":{"line":69,"column":6},"end":{"line":71,"column":8}},"34":{"start":{"line":70,"column":16},"end":{"line":70,"column":66}},"35":{"start":{"line":73,"column":4},"end":{"line":73,"column":38}},"36":{"start":{"line":74,"column":4},"end":{"line":74,"column":31}},"37":{"start":{"line":76,"column":2},"end":{"line":167,"column":3}},"38":{"start":{"line":77,"column":26},"end":{"line":77,"column":50}},"39":{"start":{"line":78,"column":31},"end":{"line":78,"column":64}},"40":{"start":{"line":80,"column":4},"end":{"line":82,"column":5}},"41":{"start":{"line":81,"column":6},"end":{"line":81,"column":44}},"42":{"start":{"line":83,"column":4},"end":{"line":86,"column":5}},"43":{"start":{"line":84,"column":23},"end":{"line":84,"column":55}},"44":{"start":{"line":85,"column":6},"end":{"line":85,"column":53}},"45":{"start":{"line":88,"column":26},"end":{"line":88,"column":56}},"46":{"start":{"line":89,"column":4},"end":{"line":108,"column":5}},"47":{"start":{"line":90,"column":6},"end":{"line":90,"column":35}},"48":{"start":{"line":91,"column":6},"end":{"line":107,"column":7}},"49":{"start":{"line":92,"column":8},"end":{"line":99,"column":9}},"50":{"start":{"line":93,"column":33},"end":{"line":93,"column":76}},"51":{"start":{"line":94,"column":10},"end":{"line":96,"column":11}},"52":{"start":{"line":95,"column":12},"end":{"line":95,"column":61}},"53":{"start":{"line":98,"column":10},"end":{"line":98,"column":72}},"54":{"start":{"line":101,"column":8},"end":{"line":106,"column":9}},"55":{"start":{"line":102,"column":33},"end":{"line":102,"column":76}},"56":{"start":{"line":103,"column":10},"end":{"line":105,"column":11}},"57":{"start":{"line":104,"column":12},"end":{"line":104,"column":61}},"58":{"start":{"line":110,"column":4},"end":{"line":112,"column":6}},"59":{"start":{"line":113,"column":24},"end":{"line":113,"column":48}},"60":{"start":{"line":114,"column":4},"end":{"line":116,"column":5}},"61":{"start":{"line":115,"column":6},"end":{"line":115,"column":32}},"62":{"start":{"line":118,"column":4},"end":{"line":138,"column":5}},"63":{"start":{"line":124,"column":6},"end":{"line":124,"column":33}},"64":{"start":{"line":125,"column":6},"end":{"line":125,"column":36}},"65":{"start":{"line":126,"column":6},"end":{"line":126,"column":46}},"66":{"start":{"line":128,"column":31},"end":{"line":129,"column":null}},"67":{"start":{"line":129,"column":16},"end":{"line":129,"column":66}},"68":{"start":{"line":131,"column":6},"end":{"line":136,"column":7}},"69":{"start":{"line":135,"column":8},"end":{"line":135,"column":57}},"70":{"start":{"line":137,"column":6},"end":{"line":137,"column":40}},"71":{"start":{"line":139,"column":4},"end":{"line":166,"column":5}},"72":{"start":{"line":140,"column":6},"end":{"line":140,"column":33}},"73":{"start":{"line":141,"column":31},"end":{"line":142,"column":null}},"74":{"start":{"line":142,"column":16},"end":{"line":142,"column":66}},"75":{"start":{"line":145,"column":6},"end":{"line":155,"column":7}},"76":{"start":{"line":146,"column":22},"end":{"line":146,"column":76}},"77":{"start":{"line":147,"column":22},"end":{"line":147,"column":39}},"78":{"start":{"line":149,"column":8},"end":{"line":154,"column":9}},"79":{"start":{"line":150,"column":28},"end":{"line":150,"column":36}},"80":{"start":{"line":151,"column":29},"end":{"line":151,"column":37}},"81":{"start":{"line":152,"column":10},"end":{"line":153,"column":40}},"82":{"start":{"line":156,"column":6},"end":{"line":165,"column":7}},"83":{"start":{"line":157,"column":8},"end":{"line":160,"column":11}},"84":{"start":{"line":162,"column":8},"end":{"line":164,"column":9}},"85":{"start":{"line":163,"column":10},"end":{"line":163,"column":51}},"86":{"start":{"line":168,"column":2},"end":{"line":168,"column":18}},"87":{"start":{"line":175,"column":24},"end":{"line":175,"column":58}},"88":{"start":{"line":176,"column":2},"end":{"line":176,"column":47}},"89":{"start":{"line":181,"column":2},"end":{"line":205,"column":3}},"90":{"start":{"line":183,"column":18},"end":{"line":183,"column":36}},"91":{"start":{"line":185,"column":25},"end":{"line":185,"column":76}},"92":{"start":{"line":186,"column":26},"end":{"line":189,"column":6}},"93":{"start":{"line":191,"column":4},"end":{"line":194,"column":5}},"94":{"start":{"line":192,"column":6},"end":{"line":192,"column":65}},"95":{"start":{"line":193,"column":6},"end":{"line":193,"column":19}},"96":{"start":{"line":196,"column":4},"end":{"line":199,"column":5}},"97":{"start":{"line":197,"column":6},"end":{"line":197,"column":67}},"98":{"start":{"line":198,"column":6},"end":{"line":198,"column":19}},"99":{"start":{"line":201,"column":4},"end":{"line":201,"column":49}},"100":{"start":{"line":203,"column":4},"end":{"line":203,"column":55}},"101":{"start":{"line":204,"column":4},"end":{"line":204,"column":17}},"102":{"start":{"line":232,"column":16},"end":{"line":232,"column":54}},"103":{"start":{"line":233,"column":30},"end":{"line":233,"column":48}},"104":{"start":{"line":234,"column":2},"end":{"line":236,"column":3}},"105":{"start":{"line":235,"column":4},"end":{"line":235,"column":14}},"106":{"start":{"line":238,"column":2},"end":{"line":310,"column":16}},"107":{"start":{"line":240,"column":20},"end":{"line":258,"column":48}},"108":{"start":{"line":259,"column":6},"end":{"line":259,"column":23}},"109":{"start":{"line":260,"column":6},"end":{"line":260,"column":21}},"110":{"start":{"line":265,"column":6},"end":{"line":267,"column":7}},"111":{"start":{"line":266,"column":8},"end":{"line":266,"column":20}},"112":{"start":{"line":269,"column":23},"end":{"line":269,"column":25}},"113":{"start":{"line":270,"column":24},"end":{"line":270,"column":28}},"114":{"start":{"line":271,"column":6},"end":{"line":275,"column":7}},"115":{"start":{"line":272,"column":26},"end":{"line":272,"column":48}},"116":{"start":{"line":273,"column":24},"end":{"line":273,"column":46}},"117":{"start":{"line":274,"column":8},"end":{"line":274,"column":63}},"118":{"start":{"line":277,"column":6},"end":{"line":279,"column":7}},"119":{"start":{"line":278,"column":8},"end":{"line":278,"column":42}},"120":{"start":{"line":281,"column":6},"end":{"line":307,"column":7}},"121":{"start":{"line":282,"column":27},"end":{"line":282,"column":61}},"122":{"start":{"line":283,"column":22},"end":{"line":283,"column":65}},"123":{"start":{"line":285,"column":26},"end":{"line":285,"column":59}},"124":{"start":{"line":286,"column":21},"end":{"line":286,"column":62}},"125":{"start":{"line":288,"column":28},"end":{"line":288,"column":69}},"126":{"start":{"line":290,"column":23},"end":{"line":290,"column":58}},"127":{"start":{"line":291,"column":8},"end":{"line":293,"column":9}},"128":{"start":{"line":292,"column":10},"end":{"line":292,"column":67}},"129":{"start":{"line":294,"column":8},"end":{"line":296,"column":9}},"130":{"start":{"line":295,"column":10},"end":{"line":295,"column":69}},"131":{"start":{"line":297,"column":8},"end":{"line":299,"column":9}},"132":{"start":{"line":298,"column":10},"end":{"line":298,"column":54}},"133":{"start":{"line":300,"column":8},"end":{"line":304,"column":9}},"134":{"start":{"line":301,"column":10},"end":{"line":301,"column":44}},"135":{"start":{"line":303,"column":10},"end":{"line":303,"column":62}},"136":{"start":{"line":306,"column":8},"end":{"line":306,"column":55}},"137":{"start":{"line":308,"column":6},"end":{"line":308,"column":24}},"138":{"start":{"line":323,"column":39},"end":{"line":367,"column":1}},"139":{"start":{"line":327,"column":38},"end":{"line":336,"column":4}},"140":{"start":{"line":338,"column":21},"end":{"line":338,"column":23}},"141":{"start":{"line":341,"column":2},"end":{"line":349,"column":3}},"142":{"start":{"line":342,"column":4},"end":{"line":342,"column":51}},"143":{"start":{"line":344,"column":9},"end":{"line":349,"column":3}},"144":{"start":{"line":345,"column":4},"end":{"line":345,"column":54}},"145":{"start":{"line":348,"column":4},"end":{"line":348,"column":28}},"146":{"start":{"line":352,"column":32},"end":{"line":352,"column":56}},"147":{"start":{"line":353,"column":26},"end":{"line":353,"column":58}},"148":{"start":{"line":354,"column":26},"end":{"line":354,"column":70}},"149":{"start":{"line":356,"column":2},"end":{"line":356,"column":51}},"150":{"start":{"line":357,"column":2},"end":{"line":357,"column":51}},"151":{"start":{"line":358,"column":2},"end":{"line":358,"column":47}},"152":{"start":{"line":359,"column":2},"end":{"line":359,"column":47}},"153":{"start":{"line":360,"column":2},"end":{"line":360,"column":49}},"154":{"start":{"line":361,"column":2},"end":{"line":361,"column":61}},"155":{"start":{"line":363,"column":2},"end":{"line":363,"column":81}},"156":{"start":{"line":363,"column":68},"end":{"line":363,"column":79}},"157":{"start":{"line":364,"column":2},"end":{"line":364,"column":66}},"158":{"start":{"line":366,"column":2},"end":{"line":366,"column":21}},"159":{"start":{"line":323,"column":13},"end":{"line":323,"column":39}}},"fnMap":{"0":{"name":"processEchidna","decl":{"start":{"line":31,"column":16},"end":{"line":31,"column":30}},"loc":{"start":{"line":31,"column":69},"end":{"line":169,"column":1}}},"1":{"name":"(anonymous_1)","decl":{"start":{"line":66,"column":6},"end":{"line":66,"column":7}},"loc":{"start":{"line":66,"column":14},"end":{"line":66,"column":64}}},"2":{"name":"(anonymous_2)","decl":{"start":{"line":70,"column":8},"end":{"line":70,"column":9}},"loc":{"start":{"line":70,"column":16},"end":{"line":70,"column":66}}},"3":{"name":"(anonymous_3)","decl":{"start":{"line":129,"column":8},"end":{"line":129,"column":9}},"loc":{"start":{"line":129,"column":16},"end":{"line":129,"column":66}}},"4":{"name":"(anonymous_4)","decl":{"start":{"line":142,"column":8},"end":{"line":142,"column":9}},"loc":{"start":{"line":142,"column":16},"end":{"line":142,"column":66}}},"5":{"name":"cleanUpBrokenPropertyName","decl":{"start":{"line":173,"column":9},"end":{"line":173,"column":34}},"loc":{"start":{"line":173,"column":53},"end":{"line":177,"column":1}}},"6":{"name":"parseSpecialChars","decl":{"start":{"line":180,"column":9},"end":{"line":180,"column":26}},"loc":{"start":{"line":180,"column":40},"end":{"line":206,"column":1}}},"7":{"name":"echidnaLogsToFunctions","decl":{"start":{"line":225,"column":16},"end":{"line":225,"column":38}},"loc":{"start":{"line":229,"column":24},"end":{"line":311,"column":1}}},"8":{"name":"(anonymous_8)","decl":{"start":{"line":239,"column":9},"end":{"line":239,"column":10}},"loc":{"start":{"line":239,"column":37},"end":{"line":261,"column":5}}},"9":{"name":"(anonymous_9)","decl":{"start":{"line":264,"column":9},"end":{"line":264,"column":10}},"loc":{"start":{"line":264,"column":18},"end":{"line":309,"column":5}}},"10":{"name":"(anonymous_10)","decl":{"start":{"line":323,"column":39},"end":{"line":323,"column":null}},"loc":{"start":{"line":326,"column":20},"end":{"line":367,"column":1}}},"11":{"name":"(anonymous_11)","decl":{"start":{"line":363,"column":60},"end":{"line":363,"column":61}},"loc":{"start":{"line":363,"column":68},"end":{"line":363,"column":79}}}},"branchMap":{"0":{"loc":{"start":{"line":32,"column":2},"end":{"line":34,"column":3}},"type":"if","locations":[{"start":{"line":32,"column":2},"end":{"line":34,"column":3}}]},"1":{"loc":{"start":{"line":36,"column":2},"end":{"line":46,"column":3}},"type":"if","locations":[{"start":{"line":36,"column":2},"end":{"line":46,"column":3}}]},"2":{"loc":{"start":{"line":38,"column":4},"end":{"line":45,"column":5}},"type":"if","locations":[{"start":{"line":38,"column":4},"end":{"line":45,"column":5}}]},"3":{"loc":{"start":{"line":47,"column":2},"end":{"line":49,"column":3}},"type":"if","locations":[{"start":{"line":47,"column":2},"end":{"line":49,"column":3}}]},"4":{"loc":{"start":{"line":50,"column":2},"end":{"line":52,"column":3}},"type":"if","locations":[{"start":{"line":50,"column":2},"end":{"line":52,"column":3}}]},"5":{"loc":{"start":{"line":50,"column":6},"end":{"line":50,"column":62}},"type":"binary-expr","locations":[{"start":{"line":50,"column":6},"end":{"line":50,"column":32}},{"start":{"line":50,"column":36},"end":{"line":50,"column":62}}]},"6":{"loc":{"start":{"line":53,"column":2},"end":{"line":55,"column":3}},"type":"if","locations":[{"start":{"line":53,"column":2},"end":{"line":55,"column":3}}]},"7":{"loc":{"start":{"line":56,"column":2},"end":{"line":58,"column":3}},"type":"if","locations":[{"start":{"line":56,"column":2},"end":{"line":58,"column":3}}]},"8":{"loc":{"start":{"line":60,"column":2},"end":{"line":75,"column":3}},"type":"if","locations":[{"start":{"line":60,"column":2},"end":{"line":75,"column":3}}]},"9":{"loc":{"start":{"line":61,"column":4},"end":{"line":62,"column":38}},"type":"binary-expr","locations":[{"start":{"line":61,"column":4},"end":{"line":61,"column":38}},{"start":{"line":62,"column":4},"end":{"line":62,"column":38}}]},"10":{"loc":{"start":{"line":68,"column":4},"end":{"line":72,"column":5}},"type":"if","locations":[{"start":{"line":68,"column":4},"end":{"line":72,"column":5}}]},"11":{"loc":{"start":{"line":76,"column":2},"end":{"line":167,"column":3}},"type":"if","locations":[{"start":{"line":76,"column":2},"end":{"line":167,"column":3}},{"start":{"line":87,"column":9},"end":{"line":167,"column":3}}]},"12":{"loc":{"start":{"line":80,"column":4},"end":{"line":82,"column":5}},"type":"if","locations":[{"start":{"line":80,"column":4},"end":{"line":82,"column":5}}]},"13":{"loc":{"start":{"line":83,"column":4},"end":{"line":86,"column":5}},"type":"if","locations":[{"start":{"line":83,"column":4},"end":{"line":86,"column":5}}]},"14":{"loc":{"start":{"line":89,"column":4},"end":{"line":108,"column":5}},"type":"if","locations":[{"start":{"line":89,"column":4},"end":{"line":108,"column":5}}]},"15":{"loc":{"start":{"line":91,"column":6},"end":{"line":107,"column":7}},"type":"if","locations":[{"start":{"line":91,"column":6},"end":{"line":107,"column":7}},{"start":{"line":100,"column":13},"end":{"line":107,"column":7}}]},"16":{"loc":{"start":{"line":92,"column":8},"end":{"line":99,"column":9}},"type":"if","locations":[{"start":{"line":92,"column":8},"end":{"line":99,"column":9}},{"start":{"line":97,"column":15},"end":{"line":99,"column":9}}]},"17":{"loc":{"start":{"line":94,"column":10},"end":{"line":96,"column":11}},"type":"if","locations":[{"start":{"line":94,"column":10},"end":{"line":96,"column":11}}]},"18":{"loc":{"start":{"line":101,"column":8},"end":{"line":106,"column":9}},"type":"if","locations":[{"start":{"line":101,"column":8},"end":{"line":106,"column":9}}]},"19":{"loc":{"start":{"line":103,"column":10},"end":{"line":105,"column":11}},"type":"if","locations":[{"start":{"line":103,"column":10},"end":{"line":105,"column":11}}]},"20":{"loc":{"start":{"line":114,"column":4},"end":{"line":116,"column":5}},"type":"if","locations":[{"start":{"line":114,"column":4},"end":{"line":116,"column":5}}]},"21":{"loc":{"start":{"line":118,"column":4},"end":{"line":138,"column":5}},"type":"if","locations":[{"start":{"line":118,"column":4},"end":{"line":138,"column":5}}]},"22":{"loc":{"start":{"line":119,"column":6},"end":{"line":122,"column":27}},"type":"binary-expr","locations":[{"start":{"line":119,"column":7},"end":{"line":119,"column":18}},{"start":{"line":119,"column":22},"end":{"line":119,"column":40}},{"start":{"line":120,"column":6},"end":{"line":120,"column":39}},{"start":{"line":121,"column":6},"end":{"line":121,"column":30}},{"start":{"line":122,"column":6},"end":{"line":122,"column":27}}]},"23":{"loc":{"start":{"line":131,"column":6},"end":{"line":136,"column":7}},"type":"if","locations":[{"start":{"line":131,"column":6},"end":{"line":136,"column":7}}]},"24":{"loc":{"start":{"line":132,"column":8},"end":{"line":133,"column":62}},"type":"binary-expr","locations":[{"start":{"line":132,"column":8},"end":{"line":132,"column":24}},{"start":{"line":133,"column":8},"end":{"line":133,"column":62}}]},"25":{"loc":{"start":{"line":139,"column":4},"end":{"line":166,"column":5}},"type":"if","locations":[{"start":{"line":139,"column":4},"end":{"line":166,"column":5}}]},"26":{"loc":{"start":{"line":139,"column":8},"end":{"line":139,"column":51}},"type":"binary-expr","locations":[{"start":{"line":139,"column":8},"end":{"line":139,"column":29}},{"start":{"line":139,"column":33},"end":{"line":139,"column":51}}]},"27":{"loc":{"start":{"line":145,"column":6},"end":{"line":155,"column":7}},"type":"if","locations":[{"start":{"line":145,"column":6},"end":{"line":155,"column":7}}]},"28":{"loc":{"start":{"line":149,"column":8},"end":{"line":154,"column":9}},"type":"if","locations":[{"start":{"line":149,"column":8},"end":{"line":154,"column":9}}]},"29":{"loc":{"start":{"line":156,"column":6},"end":{"line":165,"column":7}},"type":"if","locations":[{"start":{"line":156,"column":6},"end":{"line":165,"column":7}},{"start":{"line":161,"column":13},"end":{"line":165,"column":7}}]},"30":{"loc":{"start":{"line":162,"column":8},"end":{"line":164,"column":9}},"type":"if","locations":[{"start":{"line":162,"column":8},"end":{"line":164,"column":9}}]},"31":{"loc":{"start":{"line":191,"column":4},"end":{"line":194,"column":5}},"type":"if","locations":[{"start":{"line":191,"column":4},"end":{"line":194,"column":5}}]},"32":{"loc":{"start":{"line":196,"column":4},"end":{"line":199,"column":5}},"type":"if","locations":[{"start":{"line":196,"column":4},"end":{"line":199,"column":5}}]},"33":{"loc":{"start":{"line":234,"column":2},"end":{"line":236,"column":3}},"type":"if","locations":[{"start":{"line":234,"column":2},"end":{"line":236,"column":3}}]},"34":{"loc":{"start":{"line":249,"column":12},"end":{"line":251,"column":null}},"type":"cond-expr","locations":[{"start":{"line":250,"column":16},"end":{"line":250,"column":49}},{"start":{"line":251,"column":16},"end":{"line":251,"column":null}}]},"35":{"loc":{"start":{"line":265,"column":6},"end":{"line":267,"column":7}},"type":"if","locations":[{"start":{"line":265,"column":6},"end":{"line":267,"column":7}}]},"36":{"loc":{"start":{"line":271,"column":6},"end":{"line":275,"column":7}},"type":"if","locations":[{"start":{"line":271,"column":6},"end":{"line":275,"column":7}}]},"37":{"loc":{"start":{"line":277,"column":6},"end":{"line":279,"column":7}},"type":"if","locations":[{"start":{"line":277,"column":6},"end":{"line":279,"column":7}}]},"38":{"loc":{"start":{"line":281,"column":6},"end":{"line":307,"column":7}},"type":"if","locations":[{"start":{"line":281,"column":6},"end":{"line":307,"column":7}},{"start":{"line":305,"column":13},"end":{"line":307,"column":7}}]},"39":{"loc":{"start":{"line":283,"column":22},"end":{"line":283,"column":65}},"type":"cond-expr","locations":[{"start":{"line":283,"column":35},"end":{"line":283,"column":58}},{"start":{"line":283,"column":61},"end":{"line":283,"column":65}}]},"40":{"loc":{"start":{"line":286,"column":21},"end":{"line":286,"column":62}},"type":"cond-expr","locations":[{"start":{"line":286,"column":33},"end":{"line":286,"column":55}},{"start":{"line":286,"column":58},"end":{"line":286,"column":62}}]},"41":{"loc":{"start":{"line":290,"column":23},"end":{"line":290,"column":58}},"type":"cond-expr","locations":[{"start":{"line":290,"column":37},"end":{"line":290,"column":51}},{"start":{"line":290,"column":54},"end":{"line":290,"column":58}}]},"42":{"loc":{"start":{"line":291,"column":8},"end":{"line":293,"column":9}},"type":"if","locations":[{"start":{"line":291,"column":8},"end":{"line":293,"column":9}}]},"43":{"loc":{"start":{"line":291,"column":12},"end":{"line":291,"column":32}},"type":"binary-expr","locations":[{"start":{"line":291,"column":12},"end":{"line":291,"column":23}},{"start":{"line":291,"column":27},"end":{"line":291,"column":32}}]},"44":{"loc":{"start":{"line":294,"column":8},"end":{"line":296,"column":9}},"type":"if","locations":[{"start":{"line":294,"column":8},"end":{"line":296,"column":9}}]},"45":{"loc":{"start":{"line":294,"column":12},"end":{"line":294,"column":31}},"type":"binary-expr","locations":[{"start":{"line":294,"column":12},"end":{"line":294,"column":23}},{"start":{"line":294,"column":27},"end":{"line":294,"column":31}}]},"46":{"loc":{"start":{"line":297,"column":8},"end":{"line":299,"column":9}},"type":"if","locations":[{"start":{"line":297,"column":8},"end":{"line":299,"column":9}}]},"47":{"loc":{"start":{"line":297,"column":12},"end":{"line":297,"column":34}},"type":"binary-expr","locations":[{"start":{"line":297,"column":12},"end":{"line":297,"column":24}},{"start":{"line":297,"column":28},"end":{"line":297,"column":34}}]},"48":{"loc":{"start":{"line":300,"column":8},"end":{"line":304,"column":9}},"type":"if","locations":[{"start":{"line":300,"column":8},"end":{"line":304,"column":9}},{"start":{"line":302,"column":15},"end":{"line":304,"column":9}}]},"49":{"loc":{"start":{"line":341,"column":2},"end":{"line":349,"column":3}},"type":"if","locations":[{"start":{"line":341,"column":2},"end":{"line":349,"column":3}},{"start":{"line":344,"column":9},"end":{"line":349,"column":3}}]},"50":{"loc":{"start":{"line":344,"column":9},"end":{"line":349,"column":3}},"type":"if","locations":[{"start":{"line":344,"column":9},"end":{"line":349,"column":3}},{"start":{"line":347,"column":9},"end":{"line":349,"column":3}}]}},"s":{"0":2,"1":2,"2":2,"3":2,"4":2,"5":2,"6":2,"7":2,"8":2,"9":2,"10":2,"11":25672,"12":8,"13":25672,"14":25672,"15":25672,"16":25672,"17":16775,"18":16775,"19":16775,"20":25672,"21":8,"22":25672,"23":608,"24":25672,"25":504,"26":25672,"27":104,"28":25672,"29":6,"30":6,"31":15,"32":6,"33":6,"34":15,"35":6,"36":6,"37":25672,"38":15719,"39":15719,"40":15719,"41":15719,"42":15719,"43":15719,"44":15719,"45":9953,"46":9953,"47":181,"48":181,"49":173,"50":68,"51":68,"52":68,"53":105,"54":8,"55":0,"56":0,"57":0,"58":9953,"59":9953,"60":9953,"61":106,"62":9953,"63":3357,"64":3357,"65":3357,"66":3357,"67":48090,"68":3357,"69":107,"70":3357,"71":9953,"72":3647,"73":3647,"74":41519,"75":3647,"76":96,"77":96,"78":96,"79":96,"80":96,"81":96,"82":3647,"83":114,"84":3533,"85":3082,"86":25672,"87":9953,"88":9953,"89":4,"90":4,"91":4,"92":4,"93":4,"94":0,"95":0,"96":4,"97":0,"98":0,"99":4,"100":0,"101":0,"102":57,"103":57,"104":57,"105":0,"106":57,"107":57,"108":57,"109":57,"110":2107,"111":57,"112":2050,"113":2050,"114":2050,"115":87,"116":87,"117":87,"118":2050,"119":2,"120":2050,"121":2050,"122":2050,"123":2050,"124":2050,"125":2050,"126":2050,"127":2050,"128":827,"129":2050,"130":827,"131":2050,"132":0,"133":2050,"134":57,"135":1993,"136":0,"137":2050,"138":2,"139":3,"140":3,"141":3,"142":3,"143":0,"144":0,"145":0,"146":3,"147":3,"148":3,"149":3,"150":3,"151":3,"152":3,"153":3,"154":3,"155":3,"156":32,"157":3,"158":3,"159":2},"f":{"0":25672,"1":15,"2":15,"3":48090,"4":41519,"5":9953,"6":4,"7":57,"8":57,"9":2107,"10":3,"11":32},"b":{"0":[8],"1":[25672],"2":[16775],"3":[8],"4":[608],"5":[25672,25168],"6":[504],"7":[104],"8":[6],"9":[25672,6],"10":[6],"11":[15719,9953],"12":[15719],"13":[15719],"14":[181],"15":[173,8],"16":[68,105],"17":[68],"18":[0],"19":[0],"20":[106],"21":[3357],"22":[9953,358,9953,9740,9634],"23":[107],"24":[3357,174],"25":[3647],"26":[9953,6306],"27":[96],"28":[96],"29":[114,3533],"30":[3082],"31":[0],"32":[0],"33":[0],"34":[56,1],"35":[57],"36":[87],"37":[2],"38":[2050,0],"39":[1801,249],"40":[1801,249],"41":[1836,214],"42":[827],"43":[2050,851],"44":[827],"45":[2050,851],"46":[0],"47":[2050,0],"48":[57,1993],"49":[3,0],"50":[0,0]}}
,"/Users/simonbusch/code/recon/log-parser-package/src/medusa/index.ts": {"path":"/Users/simonbusch/code/recon/log-parser-package/src/medusa/index.ts","statementMap":{"0":{"start":{"line":27,"column":0},"end":{"line":27,"column":16}},"1":{"start":{"line":132,"column":0},"end":{"line":132,"column":16}},"2":{"start":{"line":171,"column":0},"end":{"line":171,"column":16}},"3":{"start":{"line":243,"column":0},"end":{"line":243,"column":16}},"4":{"start":{"line":266,"column":0},"end":{"line":266,"column":16}},"5":{"start":{"line":290,"column":0},"end":{"line":290,"column":16}},"6":{"start":{"line":6,"column":0},"end":{"line":6,"column":null}},"7":{"start":{"line":15,"column":24},"end":{"line":15,"column":29}},"8":{"start":{"line":16,"column":28},"end":{"line":16,"column":33}},"9":{"start":{"line":17,"column":34},"end":{"line":17,"column":36}},"10":{"start":{"line":18,"column":20},"end":{"line":18,"column":25}},"11":{"start":{"line":28,"column":2},"end":{"line":30,"column":3}},"12":{"start":{"line":29,"column":4},"end":{"line":29,"column":29}},"13":{"start":{"line":31,"column":2},"end":{"line":115,"column":3}},"14":{"start":{"line":32,"column":4},"end":{"line":33,"column":71}},"15":{"start":{"line":34,"column":26},"end":{"line":34,"column":55}},"16":{"start":{"line":35,"column":31},"end":{"line":35,"column":59}},"17":{"start":{"line":36,"column":4},"end":{"line":38,"column":5}},"18":{"start":{"line":37,"column":6},"end":{"line":37,"column":44}},"19":{"start":{"line":41,"column":4},"end":{"line":43,"column":5}},"20":{"start":{"line":42,"column":6},"end":{"line":42,"column":63}},"21":{"start":{"line":45,"column":9},"end":{"line":115,"column":3}},"22":{"start":{"line":46,"column":24},"end":{"line":46,"column":60}},"23":{"start":{"line":47,"column":24},"end":{"line":47,"column":60}},"24":{"start":{"line":48,"column":4},"end":{"line":50,"column":5}},"25":{"start":{"line":49,"column":6},"end":{"line":49,"column":61}},"26":{"start":{"line":51,"column":4},"end":{"line":53,"column":5}},"27":{"start":{"line":52,"column":6},"end":{"line":52,"column":61}},"28":{"start":{"line":54,"column":9},"end":{"line":115,"column":3}},"29":{"start":{"line":55,"column":4},"end":{"line":55,"column":25}},"30":{"start":{"line":56,"column":9},"end":{"line":115,"column":3}},"31":{"start":{"line":57,"column":4},"end":{"line":57,"column":70}},"32":{"start":{"line":57,"column":42},"end":{"line":57,"column":70}},"33":{"start":{"line":58,"column":9},"end":{"line":115,"column":3}},"34":{"start":{"line":59,"column":4},"end":{"line":59,"column":70}},"35":{"start":{"line":59,"column":42},"end":{"line":59,"column":70}},"36":{"start":{"line":60,"column":9},"end":{"line":115,"column":3}},"37":{"start":{"line":61,"column":16},"end":{"line":61,"column":74}},"38":{"start":{"line":62,"column":23},"end":{"line":62,"column":63}},"39":{"start":{"line":64,"column":4},"end":{"line":82,"column":5}},"40":{"start":{"line":65,"column":6},"end":{"line":67,"column":7}},"41":{"start":{"line":66,"column":8},"end":{"line":66,"column":49}},"42":{"start":{"line":69,"column":31},"end":{"line":70,"column":null}},"43":{"start":{"line":70,"column":16},"end":{"line":70,"column":65}},"44":{"start":{"line":72,"column":6},"end":{"line":81,"column":7}},"45":{"start":{"line":73,"column":8},"end":{"line":76,"column":11}},"46":{"start":{"line":78,"column":8},"end":{"line":80,"column":9}},"47":{"start":{"line":79,"column":10},"end":{"line":79,"column":51}},"48":{"start":{"line":84,"column":4},"end":{"line":84,"column":31}},"49":{"start":{"line":86,"column":4},"end":{"line":88,"column":5}},"50":{"start":{"line":87,"column":6},"end":{"line":87,"column":35}},"51":{"start":{"line":90,"column":4},"end":{"line":114,"column":5}},"52":{"start":{"line":95,"column":6},"end":{"line":95,"column":32}},"53":{"start":{"line":96,"column":6},"end":{"line":96,"column":36}},"54":{"start":{"line":98,"column":6},"end":{"line":100,"column":7}},"55":{"start":{"line":99,"column":8},"end":{"line":99,"column":33}},"56":{"start":{"line":102,"column":6},"end":{"line":102,"column":46}},"57":{"start":{"line":104,"column":31},"end":{"line":105,"column":null}},"58":{"start":{"line":105,"column":16},"end":{"line":105,"column":65}},"59":{"start":{"line":107,"column":6},"end":{"line":112,"column":7}},"60":{"start":{"line":111,"column":8},"end":{"line":111,"column":57}},"61":{"start":{"line":113,"column":6},"end":{"line":113,"column":39}},"62":{"start":{"line":136,"column":19},"end":{"line":140,"column":42}},"63":{"start":{"line":138,"column":23},"end":{"line":138,"column":50}},"64":{"start":{"line":139,"column":23},"end":{"line":139,"column":50}},"65":{"start":{"line":140,"column":23},"end":{"line":140,"column":41}},"66":{"start":{"line":141,"column":17},"end":{"line":144,"column":null}},"67":{"start":{"line":142,"column":4},"end":{"line":144,"column":76}},"68":{"start":{"line":144,"column":46},"end":{"line":144,"column":75}},"69":{"start":{"line":146,"column":18},"end":{"line":146,"column":78}},"70":{"start":{"line":146,"column":51},"end":{"line":146,"column":77}},"71":{"start":{"line":147,"column":2},"end":{"line":149,"column":3}},"72":{"start":{"line":148,"column":4},"end":{"line":148,"column":24}},"73":{"start":{"line":151,"column":2},"end":{"line":154,"column":6}},"74":{"start":{"line":151,"column":51},"end":{"line":154,"column":4}},"75":{"start":{"line":175,"column":25},"end":{"line":175,"column":184}},"76":{"start":{"line":176,"column":43},"end":{"line":176,"column":62}},"77":{"start":{"line":177,"column":24},"end":{"line":226,"column":16}},"78":{"start":{"line":178,"column":21},"end":{"line":178,"column":23}},"79":{"start":{"line":179,"column":22},"end":{"line":179,"column":24}},"80":{"start":{"line":180,"column":26},"end":{"line":180,"column":52}},"81":{"start":{"line":182,"column":4},"end":{"line":182,"column":48}},"82":{"start":{"line":184,"column":4},"end":{"line":184,"column":43}},"83":{"start":{"line":185,"column":31},"end":{"line":185,"column":45}},"84":{"start":{"line":186,"column":30},"end":{"line":186,"column":40}},"85":{"start":{"line":189,"column":4},"end":{"line":201,"column":5}},"86":{"start":{"line":191,"column":6},"end":{"line":191,"column":64}},"87":{"start":{"line":194,"column":6},"end":{"line":194,"column":63}},"88":{"start":{"line":195,"column":11},"end":{"line":201,"column":5}},"89":{"start":{"line":197,"column":6},"end":{"line":197,"column":54}},"90":{"start":{"line":198,"column":11},"end":{"line":201,"column":5}},"91":{"start":{"line":200,"column":6},"end":{"line":200,"column":76}},"92":{"start":{"line":203,"column":4},"end":{"line":224,"column":5}},"93":{"start":{"line":205,"column":20},"end":{"line":205,"column":59}},"94":{"start":{"line":207,"column":19},"end":{"line":207,"column":57}},"95":{"start":{"line":208,"column":21},"end":{"line":211,"column":12}},"96":{"start":{"line":212,"column":6},"end":{"line":214,"column":7}},"97":{"start":{"line":213,"column":8},"end":{"line":213,"column":48}},"98":{"start":{"line":215,"column":6},"end":{"line":217,"column":7}},"99":{"start":{"line":216,"column":8},"end":{"line":216,"column":47}},"100":{"start":{"line":218,"column":6},"end":{"line":220,"column":7}},"101":{"start":{"line":219,"column":8},"end":{"line":219,"column":50}},"102":{"start":{"line":221,"column":6},"end":{"line":221,"column":32}},"103":{"start":{"line":223,"column":6},"end":{"line":223,"column":31}},"104":{"start":{"line":225,"column":4},"end":{"line":225,"column":22}},"105":{"start":{"line":227,"column":2},"end":{"line":227,"column":29}},"106":{"start":{"line":244,"column":26},"end":{"line":244,"column":59}},"107":{"start":{"line":245,"column":43},"end":{"line":245,"column":62}},"108":{"start":{"line":247,"column":24},"end":{"line":247,"column":77}},"109":{"start":{"line":247,"column":48},"end":{"line":247,"column":64}},"110":{"start":{"line":248,"column":2},"end":{"line":248,"column":23}},"111":{"start":{"line":267,"column":14},"end":{"line":267,"column":72}},"112":{"start":{"line":269,"column":2},"end":{"line":269,"column":65}},"113":{"start":{"line":298,"column":2},"end":{"line":300,"column":7}},"114":{"start":{"line":303,"column":2},"end":{"line":305,"column":3}},"115":{"start":{"line":304,"column":4},"end":{"line":304,"column":28}},"116":{"start":{"line":308,"column":23},"end":{"line":308,"column":77}},"117":{"start":{"line":309,"column":19},"end":{"line":310,"column":null}},"118":{"start":{"line":310,"column":4},"end":{"line":310,"column":33}},"119":{"start":{"line":312,"column":26},"end":{"line":313,"column":null}},"120":{"start":{"line":313,"column":15},"end":{"line":313,"column":45}},"121":{"start":{"line":316,"column":23},"end":{"line":322,"column":15}},"122":{"start":{"line":318,"column":17},"end":{"line":320,"column":null}},"123":{"start":{"line":324,"column":20},"end":{"line":335,"column":15}},"124":{"start":{"line":326,"column":16},"end":{"line":333,"column":null}},"125":{"start":{"line":337,"column":2},"end":{"line":337,"column":34}}},"fnMap":{"0":{"name":"processMedusa","decl":{"start":{"line":27,"column":16},"end":{"line":27,"column":29}},"loc":{"start":{"line":27,"column":68},"end":{"line":116,"column":1}}},"1":{"name":"(anonymous_1)","decl":{"start":{"line":70,"column":8},"end":{"line":70,"column":9}},"loc":{"start":{"line":70,"column":16},"end":{"line":70,"column":65}}},"2":{"name":"(anonymous_2)","decl":{"start":{"line":105,"column":8},"end":{"line":105,"column":9}},"loc":{"start":{"line":105,"column":16},"end":{"line":105,"column":65}}},"3":{"name":"getPropertyAndSequenceString","decl":{"start":{"line":132,"column":16},"end":{"line":132,"column":44}},"loc":{"start":{"line":134,"column":24},"end":{"line":155,"column":1}}},"4":{"name":"(anonymous_4)","decl":{"start":{"line":138,"column":12},"end":{"line":138,"column":13}},"loc":{"start":{"line":138,"column":23},"end":{"line":138,"column":50}}},"5":{"name":"(anonymous_5)","decl":{"start":{"line":139,"column":12},"end":{"line":139,"column":13}},"loc":{"start":{"line":139,"column":23},"end":{"line":139,"column":50}}},"6":{"name":"(anonymous_6)","decl":{"start":{"line":140,"column":12},"end":{"line":140,"column":13}},"loc":{"start":{"line":140,"column":23},"end":{"line":140,"column":41}}},"7":{"name":"(anonymous_7)","decl":{"start":{"line":141,"column":30},"end":{"line":141,"column":31}},"loc":{"start":{"line":142,"column":4},"end":{"line":144,"column":76}}},"8":{"name":"(anonymous_8)","decl":{"start":{"line":144,"column":36},"end":{"line":144,"column":37}},"loc":{"start":{"line":144,"column":46},"end":{"line":144,"column":75}}},"9":{"name":"(anonymous_9)","decl":{"start":{"line":146,"column":31},"end":{"line":146,"column":32}},"loc":{"start":{"line":146,"column":51},"end":{"line":146,"column":77}}},"10":{"name":"(anonymous_10)","decl":{"start":{"line":151,"column":21},"end":{"line":151,"column":22}},"loc":{"start":{"line":151,"column":51},"end":{"line":154,"column":4}}},"11":{"name":"getFunctionCallsWithVM","decl":{"start":{"line":171,"column":16},"end":{"line":171,"column":38}},"loc":{"start":{"line":173,"column":24},"end":{"line":228,"column":1}}},"12":{"name":"(anonymous_12)","decl":{"start":{"line":177,"column":37},"end":{"line":177,"column":38}},"loc":{"start":{"line":177,"column":47},"end":{"line":226,"column":3}}},"13":{"name":"getFunctionCalls","decl":{"start":{"line":243,"column":16},"end":{"line":243,"column":32}},"loc":{"start":{"line":243,"column":45},"end":{"line":249,"column":1}}},"14":{"name":"(anonymous_14)","decl":{"start":{"line":247,"column":37},"end":{"line":247,"column":38}},"loc":{"start":{"line":247,"column":48},"end":{"line":247,"column":64}}},"15":{"name":"getHeaders","decl":{"start":{"line":266,"column":16},"end":{"line":266,"column":26}},"loc":{"start":{"line":266,"column":56},"end":{"line":270,"column":1}}},"16":{"name":"medusaLogsToFunctions","decl":{"start":{"line":290,"column":16},"end":{"line":290,"column":37}},"loc":{"start":{"line":293,"column":24},"end":{"line":338,"column":1}}},"17":{"name":"(anonymous_17)","decl":{"start":{"line":309,"column":39},"end":{"line":309,"column":40}},"loc":{"start":{"line":310,"column":4},"end":{"line":310,"column":33}}},"18":{"name":"(anonymous_18)","decl":{"start":{"line":313,"column":4},"end":{"line":313,"column":5}},"loc":{"start":{"line":313,"column":15},"end":{"line":313,"column":45}}},"19":{"name":"(anonymous_19)","decl":{"start":{"line":318,"column":6},"end":{"line":318,"column":7}},"loc":{"start":{"line":318,"column":17},"end":{"line":320,"column":null}}},"20":{"name":"(anonymous_20)","decl":{"start":{"line":326,"column":6},"end":{"line":326,"column":7}},"loc":{"start":{"line":326,"column":16},"end":{"line":333,"column":null}}}},"branchMap":{"0":{"loc":{"start":{"line":28,"column":2},"end":{"line":30,"column":3}},"type":"if","locations":[{"start":{"line":28,"column":2},"end":{"line":30,"column":3}}]},"1":{"loc":{"start":{"line":31,"column":2},"end":{"line":115,"column":3}},"type":"if","locations":[{"start":{"line":31,"column":2},"end":{"line":115,"column":3}},{"start":{"line":45,"column":9},"end":{"line":115,"column":3}}]},"2":{"loc":{"start":{"line":33,"column":6},"end":{"line":33,"column":70}},"type":"binary-expr","locations":[{"start":{"line":33,"column":6},"end":{"line":33,"column":64}},{"start":{"line":33,"column":68},"end":{"line":33,"column":70}}]},"3":{"loc":{"start":{"line":36,"column":4},"end":{"line":38,"column":5}},"type":"if","locations":[{"start":{"line":36,"column":4},"end":{"line":38,"column":5}}]},"4":{"loc":{"start":{"line":41,"column":4},"end":{"line":43,"column":5}},"type":"if","locations":[{"start":{"line":41,"column":4},"end":{"line":43,"column":5}}]},"5":{"loc":{"start":{"line":45,"column":9},"end":{"line":115,"column":3}},"type":"if","locations":[{"start":{"line":45,"column":9},"end":{"line":115,"column":3}},{"start":{"line":54,"column":9},"end":{"line":115,"column":3}}]},"6":{"loc":{"start":{"line":48,"column":4},"end":{"line":50,"column":5}},"type":"if","locations":[{"start":{"line":48,"column":4},"end":{"line":50,"column":5}}]},"7":{"loc":{"start":{"line":51,"column":4},"end":{"line":53,"column":5}},"type":"if","locations":[{"start":{"line":51,"column":4},"end":{"line":53,"column":5}}]},"8":{"loc":{"start":{"line":54,"column":9},"end":{"line":115,"column":3}},"type":"if","locations":[{"start":{"line":54,"column":9},"end":{"line":115,"column":3}},{"start":{"line":56,"column":9},"end":{"line":115,"column":3}}]},"9":{"loc":{"start":{"line":56,"column":9},"end":{"line":115,"column":3}},"type":"if","locations":[{"start":{"line":56,"column":9},"end":{"line":115,"column":3}},{"start":{"line":58,"column":9},"end":{"line":115,"column":3}}]},"10":{"loc":{"start":{"line":56,"column":13},"end":{"line":56,"column":55}},"type":"binary-expr","locations":[{"start":{"line":56,"column":13},"end":{"line":56,"column":38}},{"start":{"line":56,"column":42},"end":{"line":56,"column":55}}]},"11":{"loc":{"start":{"line":57,"column":4},"end":{"line":57,"column":70}},"type":"if","locations":[{"start":{"line":57,"column":4},"end":{"line":57,"column":70}}]},"12":{"loc":{"start":{"line":58,"column":9},"end":{"line":115,"column":3}},"type":"if","locations":[{"start":{"line":58,"column":9},"end":{"line":115,"column":3}},{"start":{"line":60,"column":9},"end":{"line":115,"column":3}}]},"13":{"loc":{"start":{"line":58,"column":13},"end":{"line":58,"column":55}},"type":"binary-expr","locations":[{"start":{"line":58,"column":13},"end":{"line":58,"column":38}},{"start":{"line":58,"column":42},"end":{"line":58,"column":55}}]},"14":{"loc":{"start":{"line":59,"column":4},"end":{"line":59,"column":70}},"type":"if","locations":[{"start":{"line":59,"column":4},"end":{"line":59,"column":70}}]},"15":{"loc":{"start":{"line":60,"column":9},"end":{"line":115,"column":3}},"type":"if","locations":[{"start":{"line":60,"column":9},"end":{"line":115,"column":3}}]},"16":{"loc":{"start":{"line":62,"column":23},"end":{"line":62,"column":63}},"type":"cond-expr","locations":[{"start":{"line":62,"column":43},"end":{"line":62,"column":58}},{"start":{"line":62,"column":61},"end":{"line":62,"column":63}}]},"17":{"loc":{"start":{"line":64,"column":4},"end":{"line":82,"column":5}},"type":"if","locations":[{"start":{"line":64,"column":4},"end":{"line":82,"column":5}}]},"18":{"loc":{"start":{"line":64,"column":8},"end":{"line":64,"column":63}},"type":"binary-expr","locations":[{"start":{"line":64,"column":8},"end":{"line":64,"column":25}},{"start":{"line":64,"column":29},"end":{"line":64,"column":63}}]},"19":{"loc":{"start":{"line":65,"column":6},"end":{"line":67,"column":7}},"type":"if","locations":[{"start":{"line":65,"column":6},"end":{"line":67,"column":7}}]},"20":{"loc":{"start":{"line":72,"column":6},"end":{"line":81,"column":7}},"type":"if","locations":[{"start":{"line":72,"column":6},"end":{"line":81,"column":7}},{"start":{"line":77,"column":13},"end":{"line":81,"column":7}}]},"21":{"loc":{"start":{"line":78,"column":8},"end":{"line":80,"column":9}},"type":"if","locations":[{"start":{"line":78,"column":8},"end":{"line":80,"column":9}}]},"22":{"loc":{"start":{"line":86,"column":4},"end":{"line":88,"column":5}},"type":"if","locations":[{"start":{"line":86,"column":4},"end":{"line":88,"column":5}}]},"23":{"loc":{"start":{"line":90,"column":4},"end":{"line":114,"column":5}},"type":"if","locations":[{"start":{"line":90,"column":4},"end":{"line":114,"column":5}}]},"24":{"loc":{"start":{"line":91,"column":6},"end":{"line":93,"column":52}},"type":"binary-expr","locations":[{"start":{"line":91,"column":6},"end":{"line":91,"column":46}},{"start":{"line":92,"column":7},"end":{"line":92,"column":28}},{"start":{"line":92,"column":32},"end":{"line":92,"column":50}},{"start":{"line":93,"column":6},"end":{"line":93,"column":52}}]},"25":{"loc":{"start":{"line":98,"column":6},"end":{"line":100,"column":7}},"type":"if","locations":[{"start":{"line":98,"column":6},"end":{"line":100,"column":7}}]},"26":{"loc":{"start":{"line":107,"column":6},"end":{"line":112,"column":7}},"type":"if","locations":[{"start":{"line":107,"column":6},"end":{"line":112,"column":7}}]},"27":{"loc":{"start":{"line":108,"column":8},"end":{"line":109,"column":62}},"type":"binary-expr","locations":[{"start":{"line":108,"column":8},"end":{"line":108,"column":24}},{"start":{"line":109,"column":8},"end":{"line":109,"column":62}}]},"28":{"loc":{"start":{"line":142,"column":4},"end":{"line":144,"column":76}},"type":"cond-expr","locations":[{"start":{"line":143,"column":8},"end":{"line":143,"column":45}},{"start":{"line":144,"column":8},"end":{"line":144,"column":76}}]},"29":{"loc":{"start":{"line":147,"column":2},"end":{"line":149,"column":3}},"type":"if","locations":[{"start":{"line":147,"column":2},"end":{"line":149,"column":3}}]},"30":{"loc":{"start":{"line":189,"column":4},"end":{"line":201,"column":5}},"type":"if","locations":[{"start":{"line":189,"column":4},"end":{"line":201,"column":5}},{"start":{"line":195,"column":11},"end":{"line":201,"column":5}}]},"31":{"loc":{"start":{"line":195,"column":11},"end":{"line":201,"column":5}},"type":"if","locations":[{"start":{"line":195,"column":11},"end":{"line":201,"column":5}},{"start":{"line":198,"column":11},"end":{"line":201,"column":5}}]},"32":{"loc":{"start":{"line":198,"column":11},"end":{"line":201,"column":5}},"type":"if","locations":[{"start":{"line":198,"column":11},"end":{"line":201,"column":5}}]},"33":{"loc":{"start":{"line":203,"column":4},"end":{"line":224,"column":5}},"type":"if","locations":[{"start":{"line":203,"column":4},"end":{"line":224,"column":5}},{"start":{"line":222,"column":11},"end":{"line":224,"column":5}}]},"34":{"loc":{"start":{"line":208,"column":21},"end":{"line":211,"column":12}},"type":"cond-expr","locations":[{"start":{"line":210,"column":10},"end":{"line":210,"column":54}},{"start":{"line":211,"column":10},"end":{"line":211,"column":12}}]},"35":{"loc":{"start":{"line":212,"column":6},"end":{"line":214,"column":7}},"type":"if","locations":[{"start":{"line":212,"column":6},"end":{"line":214,"column":7}}]},"36":{"loc":{"start":{"line":215,"column":6},"end":{"line":217,"column":7}},"type":"if","locations":[{"start":{"line":215,"column":6},"end":{"line":217,"column":7}}]},"37":{"loc":{"start":{"line":218,"column":6},"end":{"line":220,"column":7}},"type":"if","locations":[{"start":{"line":218,"column":6},"end":{"line":220,"column":7}}]},"38":{"loc":{"start":{"line":227,"column":9},"end":{"line":227,"column":28}},"type":"binary-expr","locations":[{"start":{"line":227,"column":9},"end":{"line":227,"column":22}},{"start":{"line":227,"column":26},"end":{"line":227,"column":28}}]},"39":{"loc":{"start":{"line":269,"column":9},"end":{"line":269,"column":64}},"type":"cond-expr","locations":[{"start":{"line":269,"column":29},"end":{"line":269,"column":44}},{"start":{"line":269,"column":47},"end":{"line":269,"column":64}}]},"40":{"loc":{"start":{"line":303,"column":2},"end":{"line":305,"column":3}},"type":"if","locations":[{"start":{"line":303,"column":2},"end":{"line":305,"column":3}}]}},"s":{"0":2,"1":2,"2":2,"3":2,"4":2,"5":2,"6":2,"7":2,"8":2,"9":2,"10":2,"11":42574,"12":41,"13":42574,"14":36495,"15":36495,"16":36495,"17":36495,"18":36495,"19":36495,"20":36495,"21":6079,"22":10,"23":10,"24":10,"25":10,"26":10,"27":10,"28":6069,"29":10,"30":6059,"31":339,"32":339,"33":5720,"34":38,"35":21,"36":5682,"37":5114,"38":5114,"39":5114,"40":5114,"41":41,"42":5114,"43":10757,"44":5114,"45":21,"46":5093,"47":2554,"48":5114,"49":5114,"50":11,"51":5114,"52":41,"53":41,"54":41,"55":21,"56":41,"57":41,"58":71,"59":41,"60":21,"61":41,"62":21,"63":21,"64":21,"65":21,"66":21,"67":21,"68":0,"69":21,"70":21,"71":21,"72":0,"73":21,"74":21,"75":21,"76":21,"77":21,"78":92,"79":92,"80":92,"81":92,"82":92,"83":92,"84":92,"85":92,"86":1,"87":1,"88":91,"89":12,"90":79,"91":72,"92":92,"93":92,"94":92,"95":92,"96":92,"97":32,"98":92,"99":32,"100":92,"101":32,"102":92,"103":0,"104":92,"105":21,"106":0,"107":0,"108":0,"109":0,"110":0,"111":21,"112":21,"113":21,"114":21,"115":21,"116":21,"117":21,"118":21,"119":21,"120":21,"121":21,"122":0,"123":21,"124":21,"125":21},"f":{"0":42574,"1":10757,"2":71,"3":21,"4":21,"5":21,"6":21,"7":21,"8":0,"9":21,"10":21,"11":21,"12":92,"13":0,"14":0,"15":21,"16":21,"17":21,"18":21,"19":0,"20":21},"b":{"0":[41],"1":[36495,6079],"2":[36495,0],"3":[36495],"4":[36495],"5":[10,6069],"6":[10],"7":[10],"8":[10,6059],"9":[339,5720],"10":[6059,339],"11":[339],"12":[38,5682],"13":[5720,41],"14":[21],"15":[5114],"16":[41,5073],"17":[5114],"18":[5114,5073],"19":[41],"20":[21,5093],"21":[2554],"22":[11],"23":[41],"24":[5114,5093,1159,5088],"25":[21],"26":[21],"27":[41,41],"28":[21,0],"29":[0],"30":[1,91],"31":[12,79],"32":[72],"33":[92,0],"34":[92,0],"35":[32],"36":[32],"37":[32],"38":[21,0],"39":[21,0],"40":[21]}}
,"/Users/simonbusch/code/recon/log-parser-package/src/types/types.ts": {"path":"/Users/simonbusch/code/recon/log-parser-package/src/types/types.ts","statementMap":{"0":{"start":{"line":29,"column":0},"end":{"line":29,"column":null}},"1":{"start":{"line":30,"column":2},"end":{"line":30,"column":null}},"2":{"start":{"line":31,"column":2},"end":{"line":31,"column":null}}},"fnMap":{"0":{"name":"(anonymous_0)","decl":{"start":{"line":29,"column":0},"end":{"line":29,"column":12}},"loc":{"start":{"line":29,"column":18},"end":{"line":32,"column":1}}}},"branchMap":{"0":{"loc":{"start":{"line":29,"column":12},"end":{"line":29,"column":null}},"type":"binary-expr","locations":[{"start":{"line":29,"column":12},"end":{"line":29,"column":18}},{"start":{"line":29,"column":18},"end":{"line":29,"column":null}}]}},"s":{"0":2,"1":2,"2":2},"f":{"0":2},"b":{"0":[2,2]}}
,"/Users/simonbusch/code/recon/log-parser-package/src/utils/utils.ts": {"path":"/Users/simonbusch/code/recon/log-parser-package/src/utils/utils.ts","statementMap":{"0":{"start":{"line":3,"column":0},"end":{"line":3,"column":16}},"1":{"start":{"line":13,"column":0},"end":{"line":13,"column":16}},"2":{"start":{"line":21,"column":0},"end":{"line":21,"column":16}},"3":{"start":{"line":28,"column":0},"end":{"line":28,"column":16}},"4":{"start":{"line":39,"column":0},"end":{"line":39,"column":16}},"5":{"start":{"line":56,"column":0},"end":{"line":56,"column":16}},"6":{"start":{"line":84,"column":0},"end":{"line":84,"column":16}},"7":{"start":{"line":137,"column":0},"end":{"line":137,"column":16}},"8":{"start":{"line":1,"column":0},"end":{"line":1,"column":75}},"9":{"start":{"line":4,"column":18},"end":{"line":4,"column":57}},"10":{"start":{"line":5,"column":16},"end":{"line":5,"column":35}},"11":{"start":{"line":6,"column":2},"end":{"line":10,"column":3}},"12":{"start":{"line":7,"column":4},"end":{"line":7,"column":20}},"13":{"start":{"line":9,"column":4},"end":{"line":9,"column":16}},"14":{"start":{"line":14,"column":2},"end":{"line":18,"column":3}},"15":{"start":{"line":15,"column":4},"end":{"line":15,"column":38}},"16":{"start":{"line":17,"column":4},"end":{"line":17,"column":19}},"17":{"start":{"line":22,"column":2},"end":{"line":25,"column":5}},"18":{"start":{"line":23,"column":29},"end":{"line":23,"column":60}},"19":{"start":{"line":24,"column":4},"end":{"line":24,"column":45}},"20":{"start":{"line":29,"column":20},"end":{"line":29,"column":22}},"21":{"start":{"line":30,"column":28},"end":{"line":30,"column":60}},"22":{"start":{"line":31,"column":2},"end":{"line":35,"column":3}},"23":{"start":{"line":32,"column":4},"end":{"line":32,"column":57}},"24":{"start":{"line":34,"column":4},"end":{"line":34,"column":36}},"25":{"start":{"line":36,"column":2},"end":{"line":36,"column":21}},"26":{"start":{"line":40,"column":16},"end":{"line":40,"column":42}},"27":{"start":{"line":41,"column":17},"end":{"line":41,"column":33}},"28":{"start":{"line":42,"column":2},"end":{"line":53,"column":3}},"29":{"start":{"line":44,"column":21},"end":{"line":44,"column":35}},"30":{"start":{"line":46,"column":19},"end":{"line":46,"column":44}},"31":{"start":{"line":48,"column":24},"end":{"line":48,"column":43}},"32":{"start":{"line":49,"column":4},"end":{"line":49,"column":83}},"33":{"start":{"line":51,"column":4},"end":{"line":51,"column":51}},"34":{"start":{"line":52,"column":4},"end":{"line":52,"column":14}},"35":{"start":{"line":57,"column":27},"end":{"line":57,"column":40}},"36":{"start":{"line":58,"column":16},"end":{"line":58,"column":44}},"37":{"start":{"line":60,"column":2},"end":{"line":79,"column":3}},"38":{"start":{"line":61,"column":23},"end":{"line":61,"column":31}},"39":{"start":{"line":63,"column":30},"end":{"line":63,"column":64}},"40":{"start":{"line":64,"column":27},"end":{"line":64,"column":64}},"41":{"start":{"line":65,"column":4},"end":{"line":76,"column":5}},"42":{"start":{"line":66,"column":6},"end":{"line":75,"column":8}},"43":{"start":{"line":70,"column":10},"end":{"line":72,"column":11}},"44":{"start":{"line":71,"column":12},"end":{"line":71,"column":42}},"45":{"start":{"line":73,"column":10},"end":{"line":73,"column":30}},"46":{"start":{"line":78,"column":4},"end":{"line":78,"column":50}},"47":{"start":{"line":81,"column":2},"end":{"line":81,"column":15}},"48":{"start":{"line":85,"column":27},"end":{"line":85,"column":29}},"49":{"start":{"line":86,"column":28},"end":{"line":86,"column":30}},"50":{"start":{"line":88,"column":2},"end":{"line":95,"column":3}},"51":{"start":{"line":89,"column":4},"end":{"line":94,"column":5}},"52":{"start":{"line":90,"column":6},"end":{"line":90,"column":32}},"53":{"start":{"line":92,"column":6},"end":{"line":92,"column":38}},"54":{"start":{"line":93,"column":6},"end":{"line":93,"column":23}},"55":{"start":{"line":98,"column":2},"end":{"line":100,"column":3}},"56":{"start":{"line":99,"column":4},"end":{"line":99,"column":36}},"57":{"start":{"line":102,"column":2},"end":{"line":102,"column":40}},"58":{"start":{"line":102,"column":29},"end":{"line":102,"column":38}},"59":{"start":{"line":106,"column":18},"end":{"line":106,"column":74}},"60":{"start":{"line":108,"column":26},"end":{"line":108,"column":53}},"61":{"start":{"line":110,"column":26},"end":{"line":110,"column":48}},"62":{"start":{"line":112,"column":2},"end":{"line":112,"column":25}},"63":{"start":{"line":115,"column":30},"end":{"line":123,"column":1}},"64":{"start":{"line":116,"column":25},"end":{"line":116,"column":75}},"65":{"start":{"line":117,"column":16},"end":{"line":117,"column":41}},"66":{"start":{"line":118,"column":2},"end":{"line":122,"column":3}},"67":{"start":{"line":119,"column":4},"end":{"line":119,"column":48}},"68":{"start":{"line":121,"column":4},"end":{"line":121,"column":16}},"69":{"start":{"line":115,"column":13},"end":{"line":115,"column":30}},"70":{"start":{"line":125,"column":36},"end":{"line":134,"column":1}},"71":{"start":{"line":126,"column":16},"end":{"line":126,"column":46}},"72":{"start":{"line":127,"column":18},"end":{"line":127,"column":55}},"73":{"start":{"line":128,"column":18},"end":{"line":128,"column":46}},"74":{"start":{"line":130,"column":24},"end":{"line":132,"column":15}},"75":{"start":{"line":133,"column":2},"end":{"line":133,"column":23}},"76":{"start":{"line":125,"column":13},"end":{"line":125,"column":36}},"77":{"start":{"line":138,"column":17},"end":{"line":138,"column":22}},"78":{"start":{"line":139,"column":16},"end":{"line":139,"column":21}},"79":{"start":{"line":141,"column":2},"end":{"line":152,"column":3}},"80":{"start":{"line":141,"column":15},"end":{"line":141,"column":16}},"81":{"start":{"line":142,"column":4},"end":{"line":145,"column":5}},"82":{"start":{"line":143,"column":6},"end":{"line":143,"column":25}},"83":{"start":{"line":144,"column":6},"end":{"line":144,"column":15}},"84":{"start":{"line":146,"column":4},"end":{"line":148,"column":5}},"85":{"start":{"line":147,"column":6},"end":{"line":147,"column":27}},"86":{"start":{"line":149,"column":4},"end":{"line":151,"column":5}},"87":{"start":{"line":150,"column":6},"end":{"line":150,"column":22}},"88":{"start":{"line":153,"column":2},"end":{"line":153,"column":18}},"89":{"start":{"line":156,"column":31},"end":{"line":170,"column":1}},"90":{"start":{"line":157,"column":2},"end":{"line":168,"column":3}},"91":{"start":{"line":157,"column":15},"end":{"line":157,"column":16}},"92":{"start":{"line":158,"column":17},"end":{"line":158,"column":24}},"93":{"start":{"line":159,"column":4},"end":{"line":167,"column":5}},"94":{"start":{"line":161,"column":23},"end":{"line":161,"column":32}},"95":{"start":{"line":162,"column":23},"end":{"line":162,"column":32}},"96":{"start":{"line":163,"column":6},"end":{"line":166,"column":7}},"97":{"start":{"line":165,"column":8},"end":{"line":165,"column":20}},"98":{"start":{"line":169,"column":2},"end":{"line":169,"column":15}},"99":{"start":{"line":156,"column":13},"end":{"line":156,"column":31}}},"fnMap":{"0":{"name":"captureFuzzingDuration","decl":{"start":{"line":3,"column":16},"end":{"line":3,"column":38}},"loc":{"start":{"line":3,"column":51},"end":{"line":11,"column":1}}},"1":{"name":"correctChecksum","decl":{"start":{"line":13,"column":16},"end":{"line":13,"column":31}},"loc":{"start":{"line":13,"column":47},"end":{"line":19,"column":1}}},"2":{"name":"correctAllChecksums","decl":{"start":{"line":21,"column":16},"end":{"line":21,"column":35}},"loc":{"start":{"line":21,"column":49},"end":{"line":26,"column":1}}},"3":{"name":"(anonymous_3)","decl":{"start":{"line":22,"column":47},"end":{"line":22,"column":48}},"loc":{"start":{"line":22,"column":57},"end":{"line":25,"column":3}}},"4":{"name":"formatAddress","decl":{"start":{"line":28,"column":16},"end":{"line":28,"column":29}},"loc":{"start":{"line":28,"column":43},"end":{"line":37,"column":1}}},"5":{"name":"parseHexValue","decl":{"start":{"line":39,"column":16},"end":{"line":39,"column":29}},"loc":{"start":{"line":39,"column":43},"end":{"line":54,"column":1}}},"6":{"name":"formatBytes","decl":{"start":{"line":56,"column":16},"end":{"line":56,"column":27}},"loc":{"start":{"line":56,"column":41},"end":{"line":82,"column":1}}},"7":{"name":"(anonymous_7)","decl":{"start":{"line":68,"column":8},"end":{"line":68,"column":9}},"loc":{"start":{"line":68,"column":25},"end":{"line":74,"column":9}}},"8":{"name":"processTraceLogs","decl":{"start":{"line":84,"column":16},"end":{"line":84,"column":32}},"loc":{"start":{"line":84,"column":47},"end":{"line":103,"column":1}}},"9":{"name":"(anonymous_9)","decl":{"start":{"line":102,"column":23},"end":{"line":102,"column":25}},"loc":{"start":{"line":102,"column":29},"end":{"line":102,"column":38}}},"10":{"name":"convertToEthereumAddress","decl":{"start":{"line":105,"column":9},"end":{"line":105,"column":33}},"loc":{"start":{"line":105,"column":50},"end":{"line":113,"column":1}}},"11":{"name":"(anonymous_11)","decl":{"start":{"line":115,"column":30},"end":{"line":115,"column":31}},"loc":{"start":{"line":115,"column":59},"end":{"line":123,"column":1}}},"12":{"name":"(anonymous_12)","decl":{"start":{"line":125,"column":36},"end":{"line":125,"column":37}},"loc":{"start":{"line":125,"column":68},"end":{"line":134,"column":1}}},"13":{"name":"isInsideQuotes","decl":{"start":{"line":137,"column":16},"end":{"line":137,"column":30}},"loc":{"start":{"line":137,"column":56},"end":{"line":154,"column":1}}},"14":{"name":"(anonymous_14)","decl":{"start":{"line":156,"column":31},"end":{"line":156,"column":32}},"loc":{"start":{"line":156,"column":57},"end":{"line":170,"column":1}}}},"branchMap":{"0":{"loc":{"start":{"line":6,"column":2},"end":{"line":10,"column":3}},"type":"if","locations":[{"start":{"line":6,"column":2},"end":{"line":10,"column":3}},{"start":{"line":8,"column":9},"end":{"line":10,"column":3}}]},"1":{"loc":{"start":{"line":31,"column":2},"end":{"line":35,"column":3}},"type":"if","locations":[{"start":{"line":31,"column":2},"end":{"line":35,"column":3}},{"start":{"line":33,"column":9},"end":{"line":35,"column":3}}]},"2":{"loc":{"start":{"line":60,"column":2},"end":{"line":79,"column":3}},"type":"if","locations":[{"start":{"line":60,"column":2},"end":{"line":79,"column":3}}]},"3":{"loc":{"start":{"line":60,"column":6},"end":{"line":60,"column":23}},"type":"binary-expr","locations":[{"start":{"line":60,"column":6},"end":{"line":60,"column":11}},{"start":{"line":60,"column":15},"end":{"line":60,"column":23}}]},"4":{"loc":{"start":{"line":65,"column":4},"end":{"line":76,"column":5}},"type":"if","locations":[{"start":{"line":65,"column":4},"end":{"line":76,"column":5}}]},"5":{"loc":{"start":{"line":70,"column":10},"end":{"line":72,"column":11}},"type":"if","locations":[{"start":{"line":70,"column":10},"end":{"line":72,"column":11}}]},"6":{"loc":{"start":{"line":89,"column":4},"end":{"line":94,"column":5}},"type":"if","locations":[{"start":{"line":89,"column":4},"end":{"line":94,"column":5}},{"start":{"line":91,"column":11},"end":{"line":94,"column":5}}]},"7":{"loc":{"start":{"line":98,"column":2},"end":{"line":100,"column":3}},"type":"if","locations":[{"start":{"line":98,"column":2},"end":{"line":100,"column":3}}]},"8":{"loc":{"start":{"line":106,"column":18},"end":{"line":106,"column":74}},"type":"cond-expr","locations":[{"start":{"line":106,"column":46},"end":{"line":106,"column":63}},{"start":{"line":106,"column":66},"end":{"line":106,"column":74}}]},"9":{"loc":{"start":{"line":118,"column":2},"end":{"line":122,"column":3}},"type":"if","locations":[{"start":{"line":118,"column":2},"end":{"line":122,"column":3}},{"start":{"line":120,"column":9},"end":{"line":122,"column":3}}]},"10":{"loc":{"start":{"line":130,"column":27},"end":{"line":130,"column":55}},"type":"cond-expr","locations":[{"start":{"line":130,"column":39},"end":{"line":130,"column":50}},{"start":{"line":130,"column":53},"end":{"line":130,"column":55}}]},"11":{"loc":{"start":{"line":131,"column":4},"end":{"line":131,"column":null}},"type":"cond-expr","locations":[{"start":{"line":131,"column":18},"end":{"line":131,"column":31}},{"start":{"line":131,"column":34},"end":{"line":131,"column":null}}]},"12":{"loc":{"start":{"line":142,"column":4},"end":{"line":145,"column":5}},"type":"if","locations":[{"start":{"line":142,"column":4},"end":{"line":145,"column":5}}]},"13":{"loc":{"start":{"line":146,"column":4},"end":{"line":148,"column":5}},"type":"if","locations":[{"start":{"line":146,"column":4},"end":{"line":148,"column":5}}]},"14":{"loc":{"start":{"line":146,"column":8},"end":{"line":146,"column":35}},"type":"binary-expr","locations":[{"start":{"line":146,"column":8},"end":{"line":146,"column":23}},{"start":{"line":146,"column":27},"end":{"line":146,"column":35}}]},"15":{"loc":{"start":{"line":149,"column":4},"end":{"line":151,"column":5}},"type":"if","locations":[{"start":{"line":149,"column":4},"end":{"line":151,"column":5}}]},"16":{"loc":{"start":{"line":159,"column":4},"end":{"line":167,"column":5}},"type":"if","locations":[{"start":{"line":159,"column":4},"end":{"line":167,"column":5}}]},"17":{"loc":{"start":{"line":159,"column":8},"end":{"line":159,"column":66}},"type":"binary-expr","locations":[{"start":{"line":159,"column":9},"end":{"line":159,"column":21}},{"start":{"line":159,"column":25},"end":{"line":159,"column":37}},{"start":{"line":159,"column":42},"end":{"line":159,"column":66}}]},"18":{"loc":{"start":{"line":163,"column":6},"end":{"line":166,"column":7}},"type":"if","locations":[{"start":{"line":163,"column":6},"end":{"line":166,"column":7}}]},"19":{"loc":{"start":{"line":163,"column":10},"end":{"line":164,"column":45}},"type":"binary-expr","locations":[{"start":{"line":163,"column":10},"end":{"line":163,"column":45}},{"start":{"line":164,"column":10},"end":{"line":164,"column":45}}]},"20":{"loc":{"start":{"line":163,"column":12},"end":{"line":163,"column":44}},"type":"binary-expr","locations":[{"start":{"line":163,"column":12},"end":{"line":163,"column":24}},{"start":{"line":163,"column":28},"end":{"line":163,"column":44}}]},"21":{"loc":{"start":{"line":164,"column":12},"end":{"line":164,"column":44}},"type":"binary-expr","locations":[{"start":{"line":164,"column":12},"end":{"line":164,"column":24}},{"start":{"line":164,"column":28},"end":{"line":164,"column":44}}]}},"s":{"0":2,"1":2,"2":2,"3":2,"4":2,"5":2,"6":2,"7":2,"8":2,"9":36495,"10":36495,"11":36495,"12":36495,"13":0,"14":195,"15":195,"16":0,"17":94,"18":195,"19":195,"20":92,"21":92,"22":92,"23":7,"24":85,"25":92,"26":2,"27":2,"28":2,"29":2,"30":2,"31":2,"32":2,"33":0,"34":0,"35":92,"36":92,"37":92,"38":79,"39":79,"40":79,"41":79,"42":10,"43":18,"44":18,"45":0,"46":79,"47":92,"48":28,"49":28,"50":28,"51":12180,"52":8781,"53":3399,"54":3399,"55":28,"56":1,"57":28,"58":3400,"59":195,"60":195,"61":195,"62":195,"63":2,"64":25680,"65":25680,"66":25680,"67":16783,"68":8897,"69":2,"70":2,"71":16775,"72":16775,"73":16775,"74":16775,"75":16775,"76":2,"77":3096,"78":3096,"79":3096,"80":3096,"81":274983,"82":4,"83":4,"84":274979,"85":1,"86":274979,"87":4,"88":3096,"89":2,"90":9634,"91":9634,"92":892277,"93":892277,"94":3095,"95":3095,"96":3095,"97":3038,"98":6596,"99":2},"f":{"0":36495,"1":195,"2":94,"3":195,"4":92,"5":2,"6":92,"7":18,"8":28,"9":3400,"10":195,"11":25680,"12":16775,"13":3096,"14":9634},"b":{"0":[36495,0],"1":[7,85],"2":[79],"3":[92,79],"4":[10],"5":[18],"6":[8781,3399],"7":[1],"8":[195,0],"9":[16783,8897],"10":[9575,7200],"11":[16150,625],"12":[4],"13":[1],"14":[274979,1],"15":[4],"16":[3095],"17":[892277,889215,3096],"18":[3038],"19":[3095,3058],"20":[3095,3062],"21":[3058,33]}}
}
