TN:
SF:src/main.ts
FN:20,(anonymous_0)
FN:33,(anonymous_1)
FNF:2
FNH:2
FNDA:28,(anonymous_0)
FNDA:68246,(anonymous_1)
DA:1,2
DA:2,2
DA:3,2
DA:4,2
DA:20,2
DA:21,28
DA:31,28
DA:32,28
DA:33,28
DA:34,68246
DA:35,42574
DA:36,25672
DA:37,25672
DA:41,28
DA:42,28
LF:15
LH:15
BRDA:34,0,0,42574
BRDA:34,0,1,25672
BRDA:36,1,0,25672
BRF:3
BRH:3
end_of_record
TN:
SF:src/echidna/index.ts
FN:31,processEchidna
FN:66,(anonymous_1)
FN:70,(anonymous_2)
FN:129,(anonymous_3)
FN:142,(anonymous_4)
FN:173,cleanUpBrokenPropertyName
FN:180,parseSpecialChars
FN:225,echidnaLogsToFunctions
FN:239,(anonymous_8)
FN:264,(anonymous_9)
FN:323,(anonymous_10)
FN:363,(anonymous_11)
FNF:12
FNH:12
FNDA:25672,processEchidna
FNDA:15,(anonymous_1)
FNDA:15,(anonymous_2)
FNDA:48090,(anonymous_3)
FNDA:41519,(anonymous_4)
FNDA:9953,cleanUpBrokenPropertyName
FNDA:4,parseSpecialChars
FNDA:57,echidnaLogsToFunctions
FNDA:57,(anonymous_8)
FNDA:2107,(anonymous_9)
FNDA:3,(anonymous_10)
FNDA:32,(anonymous_11)
DA:1,2
DA:2,2
DA:3,2
DA:10,2
DA:11,2
DA:17,2
DA:18,2
DA:19,2
DA:20,2
DA:31,2
DA:32,25672
DA:33,8
DA:35,25672
DA:36,25672
DA:37,25672
DA:38,25672
DA:40,16775
DA:41,16775
DA:42,16775
DA:47,25672
DA:48,8
DA:50,25672
DA:51,608
DA:53,25672
DA:54,504
DA:56,25672
DA:57,104
DA:60,25672
DA:64,6
DA:65,6
DA:66,15
DA:68,6
DA:69,6
DA:70,15
DA:73,6
DA:74,6
DA:76,25672
DA:77,15719
DA:78,15719
DA:80,15719
DA:81,15719
DA:83,15719
DA:84,15719
DA:85,15719
DA:88,9953
DA:89,9953
DA:90,181
DA:91,181
DA:92,173
DA:93,68
DA:94,68
DA:95,68
DA:98,105
DA:101,8
DA:102,0
DA:103,0
DA:104,0
DA:110,9953
DA:113,9953
DA:114,9953
DA:115,106
DA:118,9953
DA:124,3357
DA:125,3357
DA:126,3357
DA:128,3357
DA:129,48090
DA:131,3357
DA:135,107
DA:137,3357
DA:139,9953
DA:140,3647
DA:141,3647
DA:142,41519
DA:145,3647
DA:146,96
DA:147,96
DA:149,96
DA:150,96
DA:151,96
DA:152,96
DA:156,3647
DA:157,114
DA:162,3533
DA:163,3082
DA:168,25672
DA:175,9953
DA:176,9953
DA:181,4
DA:183,4
DA:185,4
DA:186,4
DA:191,4
DA:192,0
DA:193,0
DA:196,4
DA:197,0
DA:198,0
DA:201,4
DA:203,0
DA:204,0
DA:225,2
DA:232,57
DA:233,57
DA:234,57
DA:235,0
DA:238,57
DA:240,57
DA:259,57
DA:260,57
DA:265,2107
DA:266,57
DA:269,2050
DA:270,2050
DA:271,2050
DA:272,87
DA:273,87
DA:274,87
DA:277,2050
DA:278,2
DA:281,2050
DA:282,2050
DA:283,2050
DA:285,2050
DA:286,2050
DA:288,2050
DA:290,2050
DA:291,2050
DA:292,827
DA:294,2050
DA:295,827
DA:297,2050
DA:298,0
DA:300,2050
DA:301,57
DA:303,1993
DA:306,0
DA:308,2050
DA:323,2
DA:327,3
DA:338,3
DA:341,3
DA:342,3
DA:344,0
DA:345,0
DA:348,0
DA:352,3
DA:353,3
DA:354,3
DA:356,3
DA:357,3
DA:358,3
DA:359,3
DA:360,3
DA:361,3
DA:363,32
DA:364,3
DA:366,3
LF:158
LH:143
BRDA:32,0,0,8
BRDA:36,1,0,25672
BRDA:38,2,0,16775
BRDA:47,3,0,8
BRDA:50,4,0,608
BRDA:50,5,0,25672
BRDA:50,5,1,25168
BRDA:53,6,0,504
BRDA:56,7,0,104
BRDA:60,8,0,6
BRDA:61,9,0,25672
BRDA:61,9,1,6
BRDA:68,10,0,6
BRDA:76,11,0,15719
BRDA:76,11,1,9953
BRDA:80,12,0,15719
BRDA:83,13,0,15719
BRDA:89,14,0,181
BRDA:91,15,0,173
BRDA:91,15,1,8
BRDA:92,16,0,68
BRDA:92,16,1,105
BRDA:94,17,0,68
BRDA:101,18,0,0
BRDA:103,19,0,0
BRDA:114,20,0,106
BRDA:118,21,0,3357
BRDA:119,22,0,9953
BRDA:119,22,1,358
BRDA:119,22,2,9953
BRDA:119,22,3,9740
BRDA:119,22,4,9634
BRDA:131,23,0,107
BRDA:132,24,0,3357
BRDA:132,24,1,174
BRDA:139,25,0,3647
BRDA:139,26,0,9953
BRDA:139,26,1,6306
BRDA:145,27,0,96
BRDA:149,28,0,96
BRDA:156,29,0,114
BRDA:156,29,1,3533
BRDA:162,30,0,3082
BRDA:191,31,0,0
BRDA:196,32,0,0
BRDA:234,33,0,0
BRDA:249,34,0,56
BRDA:249,34,1,1
BRDA:265,35,0,57
BRDA:271,36,0,87
BRDA:277,37,0,2
BRDA:281,38,0,2050
BRDA:281,38,1,0
BRDA:283,39,0,1801
BRDA:283,39,1,249
BRDA:286,40,0,1801
BRDA:286,40,1,249
BRDA:290,41,0,1836
BRDA:290,41,1,214
BRDA:291,42,0,827
BRDA:291,43,0,2050
BRDA:291,43,1,851
BRDA:294,44,0,827
BRDA:294,45,0,2050
BRDA:294,45,1,851
BRDA:297,46,0,0
BRDA:297,47,0,2050
BRDA:297,47,1,0
BRDA:300,48,0,57
BRDA:300,48,1,1993
BRDA:341,49,0,3
BRDA:341,49,1,0
BRDA:344,50,0,0
BRDA:344,50,1,0
BRF:74
BRH:63
end_of_record
TN:
SF:src/medusa/index.ts
FN:27,processMedusa
FN:70,(anonymous_1)
FN:105,(anonymous_2)
FN:132,getPropertyAndSequenceString
FN:138,(anonymous_4)
FN:139,(anonymous_5)
FN:140,(anonymous_6)
FN:141,(anonymous_7)
FN:144,(anonymous_8)
FN:146,(anonymous_9)
FN:151,(anonymous_10)
FN:171,getFunctionCallsWithVM
FN:177,(anonymous_12)
FN:243,getFunctionCalls
FN:247,(anonymous_14)
FN:266,getHeaders
FN:290,medusaLogsToFunctions
FN:309,(anonymous_17)
FN:313,(anonymous_18)
FN:318,(anonymous_19)
FN:326,(anonymous_20)
FNF:21
FNH:17
FNDA:42574,processMedusa
FNDA:10757,(anonymous_1)
FNDA:71,(anonymous_2)
FNDA:21,getPropertyAndSequenceString
FNDA:21,(anonymous_4)
FNDA:21,(anonymous_5)
FNDA:21,(anonymous_6)
FNDA:21,(anonymous_7)
FNDA:0,(anonymous_8)
FNDA:21,(anonymous_9)
FNDA:21,(anonymous_10)
FNDA:21,getFunctionCallsWithVM
FNDA:92,(anonymous_12)
FNDA:0,getFunctionCalls
FNDA:0,(anonymous_14)
FNDA:21,getHeaders
FNDA:21,medusaLogsToFunctions
FNDA:21,(anonymous_17)
FNDA:21,(anonymous_18)
FNDA:0,(anonymous_19)
FNDA:21,(anonymous_20)
DA:6,2
DA:15,2
DA:16,2
DA:17,2
DA:18,2
DA:27,2
DA:28,42574
DA:29,41
DA:31,42574
DA:32,36495
DA:34,36495
DA:35,36495
DA:36,36495
DA:37,36495
DA:41,36495
DA:42,36495
DA:45,6079
DA:46,10
DA:47,10
DA:48,10
DA:49,10
DA:51,10
DA:52,10
DA:54,6069
DA:55,10
DA:56,6059
DA:57,339
DA:58,5720
DA:59,38
DA:60,5682
DA:61,5114
DA:62,5114
DA:64,5114
DA:65,5114
DA:66,41
DA:69,5114
DA:70,10757
DA:72,5114
DA:73,21
DA:78,5093
DA:79,2554
DA:84,5114
DA:86,5114
DA:87,11
DA:90,5114
DA:95,41
DA:96,41
DA:98,41
DA:99,21
DA:102,41
DA:104,41
DA:105,71
DA:107,41
DA:111,21
DA:113,41
DA:132,2
DA:136,21
DA:138,21
DA:139,21
DA:140,21
DA:141,21
DA:142,21
DA:144,0
DA:146,21
DA:147,21
DA:148,0
DA:151,21
DA:171,2
DA:175,21
DA:176,21
DA:177,21
DA:178,92
DA:179,92
DA:180,92
DA:182,92
DA:184,92
DA:185,92
DA:186,92
DA:189,92
DA:191,1
DA:194,1
DA:195,91
DA:197,12
DA:198,79
DA:200,72
DA:203,92
DA:205,92
DA:207,92
DA:208,92
DA:212,92
DA:213,32
DA:215,92
DA:216,32
DA:218,92
DA:219,32
DA:221,92
DA:223,0
DA:225,92
DA:227,21
DA:243,2
DA:244,0
DA:245,0
DA:247,0
DA:248,0
DA:266,2
DA:267,21
DA:269,21
DA:290,2
DA:298,21
DA:303,21
DA:304,21
DA:308,21
DA:309,21
DA:310,21
DA:312,21
DA:313,21
DA:316,21
DA:318,0
DA:324,21
DA:326,21
DA:337,21
LF:121
LH:113
BRDA:28,0,0,41
BRDA:31,1,0,36495
BRDA:31,1,1,6079
BRDA:33,2,0,36495
BRDA:33,2,1,0
BRDA:36,3,0,36495
BRDA:41,4,0,36495
BRDA:45,5,0,10
BRDA:45,5,1,6069
BRDA:48,6,0,10
BRDA:51,7,0,10
BRDA:54,8,0,10
BRDA:54,8,1,6059
BRDA:56,9,0,339
BRDA:56,9,1,5720
BRDA:56,10,0,6059
BRDA:56,10,1,339
BRDA:57,11,0,339
BRDA:58,12,0,38
BRDA:58,12,1,5682
BRDA:58,13,0,5720
BRDA:58,13,1,41
BRDA:59,14,0,21
BRDA:60,15,0,5114
BRDA:62,16,0,41
BRDA:62,16,1,5073
BRDA:64,17,0,5114
BRDA:64,18,0,5114
BRDA:64,18,1,5073
BRDA:65,19,0,41
BRDA:72,20,0,21
BRDA:72,20,1,5093
BRDA:78,21,0,2554
BRDA:86,22,0,11
BRDA:90,23,0,41
BRDA:91,24,0,5114
BRDA:91,24,1,5093
BRDA:91,24,2,1159
BRDA:91,24,3,5088
BRDA:98,25,0,21
BRDA:107,26,0,21
BRDA:108,27,0,41
BRDA:108,27,1,41
BRDA:142,28,0,21
BRDA:142,28,1,0
BRDA:147,29,0,0
BRDA:189,30,0,1
BRDA:189,30,1,91
BRDA:195,31,0,12
BRDA:195,31,1,79
BRDA:198,32,0,72
BRDA:203,33,0,92
BRDA:203,33,1,0
BRDA:208,34,0,92
BRDA:208,34,1,0
BRDA:212,35,0,32
BRDA:215,36,0,32
BRDA:218,37,0,32
BRDA:227,38,0,21
BRDA:227,38,1,0
BRDA:269,39,0,21
BRDA:269,39,1,0
BRDA:303,40,0,21
BRF:63
BRH:56
end_of_record
TN:
SF:src/types/types.ts
FN:29,(anonymous_0)
FNF:1
FNH:1
FNDA:2,(anonymous_0)
DA:29,2
DA:30,2
DA:31,2
LF:3
LH:3
BRDA:29,0,0,2
BRDA:29,0,1,2
BRF:2
BRH:2
end_of_record
TN:
SF:src/utils/utils.ts
FN:3,captureFuzzingDuration
FN:13,correctChecksum
FN:21,correctAllChecksums
FN:22,(anonymous_3)
FN:28,formatAddress
FN:39,parseHexValue
FN:56,formatBytes
FN:68,(anonymous_7)
FN:84,processTraceLogs
FN:102,(anonymous_9)
FN:105,convertToEthereumAddress
FN:115,(anonymous_11)
FN:125,(anonymous_12)
FN:137,isInsideQuotes
FN:156,(anonymous_14)
FNF:15
FNH:15
FNDA:36495,captureFuzzingDuration
FNDA:195,correctChecksum
FNDA:94,correctAllChecksums
FNDA:195,(anonymous_3)
FNDA:92,formatAddress
FNDA:2,parseHexValue
FNDA:92,formatBytes
FNDA:18,(anonymous_7)
FNDA:28,processTraceLogs
FNDA:3400,(anonymous_9)
FNDA:195,convertToEthereumAddress
FNDA:25680,(anonymous_11)
FNDA:16775,(anonymous_12)
FNDA:3096,isInsideQuotes
FNDA:9634,(anonymous_14)
DA:1,2
DA:3,2
DA:4,36495
DA:5,36495
DA:6,36495
DA:7,36495
DA:9,0
DA:13,2
DA:14,195
DA:15,195
DA:17,0
DA:21,2
DA:22,94
DA:23,195
DA:24,195
DA:28,2
DA:29,92
DA:30,92
DA:31,92
DA:32,7
DA:34,85
DA:36,92
DA:39,2
DA:40,2
DA:41,2
DA:42,2
DA:44,2
DA:46,2
DA:48,2
DA:49,2
DA:51,0
DA:52,0
DA:56,2
DA:57,92
DA:58,92
DA:60,92
DA:61,79
DA:63,79
DA:64,79
DA:65,79
DA:66,10
DA:70,18
DA:71,18
DA:73,0
DA:78,79
DA:81,92
DA:84,2
DA:85,28
DA:86,28
DA:88,28
DA:89,12180
DA:90,8781
DA:92,3399
DA:93,3399
DA:98,28
DA:99,1
DA:102,3400
DA:106,195
DA:108,195
DA:110,195
DA:112,195
DA:115,2
DA:116,25680
DA:117,25680
DA:118,25680
DA:119,16783
DA:121,8897
DA:125,2
DA:126,16775
DA:127,16775
DA:128,16775
DA:130,16775
DA:133,16775
DA:137,2
DA:138,3096
DA:139,3096
DA:141,3096
DA:142,274983
DA:143,4
DA:144,4
DA:146,274979
DA:147,1
DA:149,274979
DA:150,4
DA:153,3096
DA:156,2
DA:157,9634
DA:158,892277
DA:159,892277
DA:161,3095
DA:162,3095
DA:163,3095
DA:165,3038
DA:169,6596
LF:94
LH:89
BRDA:6,0,0,36495
BRDA:6,0,1,0
BRDA:31,1,0,7
BRDA:31,1,1,85
BRDA:60,2,0,79
BRDA:60,3,0,92
BRDA:60,3,1,79
BRDA:65,4,0,10
BRDA:70,5,0,18
BRDA:89,6,0,8781
BRDA:89,6,1,3399
BRDA:98,7,0,1
BRDA:106,8,0,195
BRDA:106,8,1,0
BRDA:118,9,0,16783
BRDA:118,9,1,8897
BRDA:130,10,0,9575
BRDA:130,10,1,7200
BRDA:131,11,0,16150
BRDA:131,11,1,625
BRDA:142,12,0,4
BRDA:146,13,0,1
BRDA:146,14,0,274979
BRDA:146,14,1,1
BRDA:149,15,0,4
BRDA:159,16,0,3095
BRDA:159,17,0,892277
BRDA:159,17,1,889215
BRDA:159,17,2,3096
BRDA:163,18,0,3038
BRDA:163,19,0,3095
BRDA:163,19,1,3058
BRDA:163,20,0,3095
BRDA:163,20,1,3062
BRDA:164,21,0,3058
BRDA:164,21,1,33
BRF:36
BRH:34
end_of_record
